{"level":"info","message":"MongoDB connected: ac-n0xhwis-shard-00-00.t6dnzne.mongodb.net","timestamp":"2026-04-10 22:35:31"}
{"level":"info","message":"Server running in development mode on port 3000","timestamp":"2026-04-10 22:35:31"}
{"level":"info","message":"MongoDB connected: ac-n0xhwis-shard-00-00.t6dnzne.mongodb.net","timestamp":"2026-04-10 22:36:37"}
{"level":"info","message":"MongoDB connected: ac-n0xhwis-shard-00-01.t6dnzne.mongodb.net","timestamp":"2026-04-10 22:37:37"}
{"level":"info","message":"MongoDB connected: ac-n0xhwis-shard-00-02.t6dnzne.mongodb.net","timestamp":"2026-04-10 22:44:11"}
{"level":"info","message":"MongoDB connected: ac-n0xhwis-shard-00-02.t6dnzne.mongodb.net","timestamp":"2026-04-10 22:46:18"}
{"level":"info","message":"MongoDB connected: ac-n0xhwis-shard-00-00.t6dnzne.mongodb.net","timestamp":"2026-04-10 22:47:57"}
{"level":"info","message":"Server running in development mode on port 3000","timestamp":"2026-04-10 22:47:57"}
{"level":"error","message":"getaddrinfo EAI_AGAIN ac-n0xhwis-shard-00-00.t6dnzne.mongodb.net","method":"POST","path":"/auth/login","stack":"MongoServerSelectionError: getaddrinfo EAI_AGAIN ac-n0xhwis-shard-00-00.t6dnzne.mongodb.net\n    at Topology.selectServer (/home/sage/Documents/altSchool/Todo Application/node_modules/mongoose/node_modules/mongodb/lib/sdam/topology.js:327:38)\n    at async tryOperation (/home/sage/Documents/altSchool/Todo Application/node_modules/mongoose/node_modules/mongodb/lib/operations/execute_operation.js:148:18)\n    at async executeOperation (/home/sage/Documents/altSchool/Todo Application/node_modules/mongoose/node_modules/mongodb/lib/operations/execute_operation.js:78:16)\n    at async FindCursor._initialize (/home/sage/Documents/altSchool/Todo Application/node_modules/mongoose/node_modules/mongodb/lib/cursor/find_cursor.js:62:26)\n    at async FindCursor.cursorInit (/home/sage/Documents/altSchool/Todo Application/node_modules/mongoose/node_modules/mongodb/lib/cursor/abstract_cursor.js:632:27)\n    at async FindCursor.fetchBatch (/home/sage/Documents/altSchool/Todo Application/node_modules/mongoose/node_modules/mongodb/lib/cursor/abstract_cursor.js:666:13)\n    at async FindCursor.next (/home/sage/Documents/altSchool/Todo Application/node_modules/mongoose/node_modules/mongodb/lib/cursor/abstract_cursor.js:342:17)\n    at async Collection.findOne (/home/sage/Documents/altSchool/Todo Application/node_modules/mongoose/node_modules/mongodb/lib/collection.js:313:24)\n    at async model.Query._findOne (/home/sage/Documents/altSchool/Todo Application/node_modules/mongoose/lib/query.js:2710:15)\n    at async model.Query.exec (/home/sage/Documents/altSchool/Todo Application/node_modules/mongoose/lib/query.js:4627:63)","timestamp":"2026-04-10 22:49:28"}
{"level":"info","message":"New user registered: osagie","timestamp":"2026-04-10 22:49:38"}
{"level":"info","message":"Tasks fetched for user 69d970715c936d3c1618b5b3, filter: all, count: 0","timestamp":"2026-04-10 22:49:38"}
{"level":"info","message":"Tasks fetched for user 69d970715c936d3c1618b5b3, filter: all, count: 0","timestamp":"2026-04-10 22:53:03"}
{"level":"info","message":"Tasks fetched for user 69d970715c936d3c1618b5b3, filter: all, count: 0","timestamp":"2026-04-10 22:53:31"}
{"level":"info","message":"Tasks fetched for user 69d970715c936d3c1618b5b3, filter: all, count: 0","timestamp":"2026-04-10 22:56:58"}
{"level":"info","message":"Tasks fetched for user 69d970715c936d3c1618b5b3, filter: all, count: 0","timestamp":"2026-04-10 22:57:17"}
{"level":"info","message":"Tasks fetched for user 69d970715c936d3c1618b5b3, filter: all, count: 0","timestamp":"2026-04-10 22:57:55"}
{"level":"info","message":"Tasks fetched for user 69d970715c936d3c1618b5b3, filter: all, count: 0","timestamp":"2026-04-10 22:59:59"}
{"level":"info","message":"Tasks fetched for user 69d970715c936d3c1618b5b3, filter: all, count: 0","timestamp":"2026-04-10 23:01:48"}
{"level":"info","message":"Tasks fetched for user 69d970715c936d3c1618b5b3, filter: all, count: 0","timestamp":"2026-04-10 23:02:17"}
{"level":"info","message":"Tasks fetched for user 69d970715c936d3c1618b5b3, filter: all, count: 0","timestamp":"2026-04-10 23:02:36"}
{"level":"info","message":"Tasks fetched for user 69d970715c936d3c1618b5b3, filter: all, count: 0","timestamp":"2026-04-10 23:04:01"}
{"level":"info","message":"MongoDB connected: ac-n0xhwis-shard-00-01.t6dnzne.mongodb.net","timestamp":"2026-04-10 23:27:53"}
{"level":"info","message":"Server running in development mode on port 3000","timestamp":"2026-04-10 23:27:53"}
{"level":"info","message":"User logged out: osagie","timestamp":"2026-04-10 23:28:00"}
{"level":"info","message":"New user registered: osagie32","timestamp":"2026-04-10 23:28:41"}
{"level":"info","message":"Tasks fetched for user 69d97999279f0db3ecbed6c5, filter: all, count: 0","timestamp":"2026-04-10 23:28:42"}
{"level":"info","message":"User logged out: osagie32","timestamp":"2026-04-10 23:28:46"}
{"level":"info","message":"User logged in: osagie32","timestamp":"2026-04-10 23:28:55"}
{"level":"info","message":"Tasks fetched for user 69d97999279f0db3ecbed6c5, filter: all, count: 0","timestamp":"2026-04-10 23:28:56"}
{"level":"info","message":"MongoDB connected: ac-n0xhwis-shard-00-01.t6dnzne.mongodb.net","timestamp":"2026-04-10 23:40:23"}
